<?xml version="1.0" encoding="UTF-8"?>
<!-- Generated by org.testng.reporters.JUnitReportReporter -->
<testsuite skipped="0" hostname="Lenovo-PC" name="com.auto.qa.base.BaseClass" tests="2" failures="0" timestamp="2020-06-08T18:46:15 EDT" time="7.994" errors="0">
  <testcase name="readProperty" time="0.013" classname="com.auto.qa.base.BaseClass"/>
  <testcase name="startBrowser" time="7.981" classname="com.auto.qa.base.BaseClass"/>
</testsuite> <!-- com.auto.qa.base.BaseClass -->
